Not searching for unused variables given on the command line.
[36m--[0m Using CATKIN_DEVEL_PREFIX: /home/rml/quadruped_slam/devel/.private/gtsam_bag
[36m--[0m Using CMAKE_PREFIX_PATH: /home/rml/quadruped_slam/devel;/opt/ros/noetic
[36m--[0m This workspace overlays: /home/rml/quadruped_slam/devel;/opt/ros/noetic
[36m--[0m Found PythonInterp: /usr/bin/python3clear (Required is at least version "3")
[36m--[0m Using PYTHON_EXECUTABLE: /usr/bin/python3clear
[36m--[0m Using Debian Python package layout
[36m--[0m Using empy: /usr/lib/python3/dist-packages/em.py
[36m--[0m Using CATKIN_ENABLE_TESTING: ON
[36m--[0m Call enable_testing()
[36m--[0m Using CATKIN_TEST_RESULTS_DIR: /home/rml/quadruped_slam/build/gtsam_bag/test_results
[36m--[0m Forcing gtest/gmock from source, though one was otherwise available.
[36m--[0m Found gtest sources under '/usr/src/googletest': gtests will be built
[36m--[0m Found gmock sources under '/usr/src/googletest': gmock will be built
[36m--[0m Found PythonInterp: /usr/bin/python3clear
[36m--[0m Using Python nosetests: /usr/bin/nosetests3
[31m[1mCMake Error[0m at /opt/ros/noetic/share/catkin/cmake/safe_execute_process.cmake:11 (message):
  execute_process(/usr/bin/python3clear
  "/opt/ros/noetic/share/catkin/cmake/parse_package_xml.py"
  "/opt/ros/noetic/share/catkin/cmake/../package.xml"
  "/home/rml/quadruped_slam/build/gtsam_bag/catkin/catkin_generated/version/package.cmake")
  returned error code No such file or directory
[36mCall Stack (most recent call first):[0m
  /opt/ros/noetic/share/catkin/cmake/catkin_package_xml.cmake:74 (safe_execute_process)
  /opt/ros/noetic/share/catkin/cmake/all.cmake:168 (_catkin_package_xml)
  /opt/ros/noetic/share/catkin/cmake/catkinConfig.cmake:20 (include)
  CMakeLists.txt:8 (find_package)


[36m--[0m Configuring incomplete, errors occurred!
See also "/home/rml/quadruped_slam/build/gtsam_bag/CMakeFiles/CMakeOutput.log".
See also "/home/rml/quadruped_slam/build/gtsam_bag/CMakeFiles/CMakeError.log".
